#
# A fatal error has been detected by the Java Runtime Environment:
#
#  EXCEPTION_ACCESS_VIOLATION (0xc0000005) at pc=0x00007ffce6e1c458, pid=13464, tid=3664
#
# JRE version: OpenJDK Runtime Environment Temurin-21.0.6+7 (21.0.6+7) (build 21.0.6+7-LTS)
# Java VM: OpenJDK 64-Bit Server VM Temurin-21.0.6+7 (21.0.6+7-LTS, mixed mode, sharing, tiered, compressed oops, compressed class ptrs, parallel gc, windows-amd64)
# Problematic frame:
# V  [jvm.dll+0xc458]
#
# No core dump will be written. Minidumps are not enabled by default on client versions of Windows
#
# If you would like to submit a bug report, please visit:
#   https://github.com/adoptium/adoptium-support/issues
#

---------------  S U M M A R Y ------------

Command Line: --add-modules=ALL-SYSTEM --add-opens=java.base/java.util=ALL-UNNAMED --add-opens=java.base/java.lang=ALL-UNNAMED --add-opens=java.base/sun.nio.fs=ALL-UNNAMED -Declipse.application=org.eclipse.jdt.ls.core.id1 -Dosgi.bundles.defaultStartLevel=4 -Declipse.product=org.eclipse.jdt.ls.core.product -Djava.import.generatesMetadataFilesAtProjectRoot=false -DDetectVMInstallationsJob.disabled=true -Dfile.encoding=utf8 -XX:+UseParallelGC -XX:GCTimeRatio=4 -XX:AdaptiveSizePolicyWeight=90 -Dsun.zip.disableMemoryMapping=true -Xmx1G -Xms100m -Xlog:disable -javaagent:c:\Users\p\.vscode\extensions\redhat.java-1.40.0-win32-x64\lombok\lombok-1.18.36.jar c:\Users\p\.vscode\extensions\redhat.java-1.40.0-win32-x64\server\plugins\org.eclipse.equinox.launcher_1.6.1000.v20250131-0606.jar -configuration c:\Users\p\AppData\Roaming\Code\User\globalStorage\redhat.java\1.40.0\config_ss_win -data c:\Users\p\AppData\Roaming\Code\User\workspaceStorage\03fdb892b8170fa2d628932129c685f5\redhat.java\ss_ws --pipe=\\.\pipe\lsp-655fa56241304e206e9dd6b0d94b56b6-sock

Host: Intel(R) Core(TM) i3-3110M CPU @ 2.40GHz, 4 cores, 5G,  Windows 10 , 64 bit Build 19041 (10.0.19041.5438)
Time: Thu Feb 27 20:13:19 2025 India Standard Time elapsed time: 8.328641 seconds (0d 0h 0m 8s)

---------------  T H R E A D  ---------------

Current thread (0x000002219b7ef290):  WorkerThread "GC Thread#0"    [id=3664, stack(0x000000dbaba00000,0x000000dbabb00000) (1024K)]

Stack: [0x000000dbaba00000,0x000000dbabb00000],  sp=0x000000dbabaff3f8,  free space=1020k
Native frames: (J=compiled Java code, j=interpreted, Vv=VM code, C=native code)
V  [jvm.dll+0xc458]


siginfo: EXCEPTION_ACCESS_VIOLATION (0xc0000005), reading address 0x000002229aeb9068


Registers:
RAX=0x0000000000000001, RBX=0x00000000ec6bc158, RCX=0x0000000000000000, RDX=0x00000000eaeb90b8
RSP=0x000000dbabaff3f8, RBP=0x000000dbabaff480, RSI=0x00000000eaeb90b8, RDI=0x00000221afaedc80
R8 =0x000002229aeb9060, R9 =0x00007ffce7a48340, R10=0x00000221b0000000, R11=0x00000221afaedc80
R12=0x0000000000000010, R13=0x000000000000000c, R14=0x00000221afaedc80, R15=0x0000000000000000
RIP=0x00007ffce6e1c458, EFLAGS=0x0000000000010206

XMM[0]=0x000001000017a7f0 0x0000000000000001
XMM[1]=0x0000000000000000 0x00000000eaeb8ee8
XMM[2]=0x00000000eaeb8f48 0x0000000000000000
XMM[3]=0x0000000000000000 0x00000000eaea8a40
XMM[4]=0xeaeb8e4800000000 0xeb1edae000000000
XMM[5]=0xebaa04b8eba54530 0x0000000000000000
XMM[6]=0x0000000000000000 0x0000000000000000
XMM[7]=0x0000000000000000 0x0000000000000000
XMM[8]=0x0000000000000000 0x0000000000000000
XMM[9]=0x0000000000000000 0x0000000000000000
XMM[10]=0x0000000000000000 0x0000000000000000
XMM[11]=0x0000000000000000 0x0000000000000000
XMM[12]=0x0000000000000000 0x0000000000000000
XMM[13]=0x0000000000000000 0x0000000000000000
XMM[14]=0x0000000000000000 0x0000000000000000
XMM[15]=0x0000000000000000 0x0000000000000000
  MXCSR=0x00001f80


Register to memory mapping:

RAX=0x0000000000000001 is an unknown value
RBX=0x00000000ec6bc158 points into unknown readable memory: 0xec6bc940eaeb90b8 | b8 90 eb ea 40 c9 6b ec
RCX=0x0 is null
RDX=0x00000000eaeb90b8 points into unknown readable memory: 0x2c6492d00017a1f0 | f0 a1 17 00 d0 92 64 2c
RSP=0x000000dbabaff3f8 points into unknown readable memory: 0x00007ffce751af58 | 58 af 51 e7 fc 7f 00 00
RBP=0x000000dbabaff480 points into unknown readable memory: 0x0000000000000000 | 00 00 00 00 00 00 00 00
RSI=0x00000000eaeb90b8 points into unknown readable memory: 0x2c6492d00017a1f0 | f0 a1 17 00 d0 92 64 2c
RDI=0x00000221afaedc80 points into unknown readable memory: 0x00007ffce789c088 | 88 c0 89 e7 fc 7f 00 00
R8 =0x000002229aeb9060 is an unknown value
R9 =0x00007ffce7a48340 jvm.dll
R10=0x00000221b0000000 is pointing into metadata
R11=0x00000221afaedc80 points into unknown readable memory: 0x00007ffce789c088 | 88 c0 89 e7 fc 7f 00 00
R12=0x0000000000000010 is an unknown value
R13=0x000000000000000c is an unknown value
R14=0x00000221afaedc80 points into unknown readable memory: 0x00007ffce789c088 | 88 c0 89 e7 fc 7f 00 00
R15=0x0 is null

Top of Stack: (sp=0x000000dbabaff3f8)
0x000000dbabaff3f8:   00007ffce751af58 00000000ec6bbe08
0x000000dbabaff408:   000002219962b400 00000221afaedc80
0x000000dbabaff418:   0000000000000001 00000000ec6a5148
0x000000dbabaff428:   00007ffce751b45d 00007ffce789b228
0x000000dbabaff438:   000002219962b400 00000221afaedc80
0x000000dbabaff448:   000000dbabaff4c0 00000000ec69d168
0x000000dbabaff458:   0000000000001000 000002219b7cee70
0x000000dbabaff468:   0000000000000000 000000000000000c
0x000000dbabaff478:   0000000000000010 0000000000000000
0x000000dbabaff488:   0000000000000100 00000221afaedc80
0x000000dbabaff498:   0000000000000002 00000000000000ce
0x000000dbabaff4a8:   00007ffce751bd49 00000000ec6bc9f4
0x000000dbabaff4b8:   0000000000000020 2c6492d00017a1f0
0x000000dbabaff4c8:   000000dbabcff000 000000dbabcff088
0x000000dbabaff4d8:   0000000000000020 000002219b7cee70
0x000000dbabaff4e8:   0000000000000005 0000000000000001
0x000000dbabaff4f8:   000000dbabcff0e0 0000000000000000
0x000000dbabaff508:   00007ffce751e3d1 0000026a00000000
0x000000dbabaff518:   0000000000000000 000000dbabcff0e0
0x000000dbabaff528:   00000221afaedc80 000000dbabcfef80
0x000000dbabaff538:   00007ffce751e85f 0000000000000000
0x000000dbabaff548:   000000dbabaff5d9 00000000ec407bd9
0x000000dbabaff558:   0000000000000001 00000221994f0000
0x000000dbabaff568:   0000000000000000 0000000000000000
0x000000dbabaff578:   00007ffce74cf9f1 00000221afaedc80
0x000000dbabaff588:   0000000000000001 00007ffce789c368
0x000000dbabaff598:   00000221afaedc80 000000dbabcfef80
0x000000dbabaff5a8:   000002219b7e9400 00000000000003d8
0x000000dbabaff5b8:   000002219b7e9410 000002219b7e97e8
0x000000dbabaff5c8:   00007ffce789c358 0000000000000001
0x000000dbabaff5d8:   0000000000000000 0000000000000001
0x000000dbabaff5e8:   0000000000000001 0000000000000000 

Instructions: (pc=0x00007ffce6e1c458)
0x00007ffce6e1c358:   8b 5c 24 30 48 8b c2 48 83 c4 20 5f c3 cc cc cc
0x00007ffce6e1c368:   cc cc cc cc cc cc cc cc 48 8b 11 e9 08 f6 ff ff
0x00007ffce6e1c378:   cc cc cc cc cc cc cc cc 4c 8b c1 ba 64 60 08 00
0x00007ffce6e1c388:   48 8b 0d d1 a5 c7 00 e9 5c ea ff ff cc cc cc cc
0x00007ffce6e1c398:   cc cc cc cc cc cc cc cc 48 8b 05 11 f4 cc 00 48
0x00007ffce6e1c3a8:   8b d1 48 23 c1 48 a9 00 f0 00 00 75 5d 48 8b 05
0x00007ffce6e1c3b8:   f4 f3 cc 00 48 23 c1 48 a9 00 f0 00 00 75 43 0f
0x00007ffce6e1c3c8:   b6 c2 24 30 3c 30 74 3a 48 c1 e9 0c 48 8d 05 55
0x00007ffce6e1c3d8:   eb 93 00 83 e1 0f 8b 0c 88 48 8b 05 90 f3 cc 00
0x00007ffce6e1c3e8:   48 d3 ea 48 c1 e8 15 48 c1 ea 15 48 23 d0 48 8b
0x00007ffce6e1c3f8:   05 73 f6 cc 00 48 8b 48 60 48 8b 04 d1 48 85 c0
0x00007ffce6e1c408:   75 08 48 8b 05 67 f6 cc 00 c3 48 8b 05 57 f6 cc
0x00007ffce6e1c418:   00 c3 cc cc cc cc cc cc 8b 05 92 cb c1 00 c3 cc
0x00007ffce6e1c428:   cc cc cc cc cc cc cc cc 0f b6 05 e3 e1 c1 00 48
0x00007ffce6e1c438:   8b d1 84 c0 74 16 44 8b 41 08 8b 0d 70 cb c1 00
0x00007ffce6e1c448:   49 d3 e0 4c 03 05 5e cb c1 00 eb 04 4c 8b 41 08
0x00007ffce6e1c458:   45 8b 48 08 45 85 c9 7e 0e 41 f6 c1 01 75 53 41
0x00007ffce6e1c468:   c1 f9 03 49 63 c1 c3 79 49 84 c0 41 b8 0c 00 00
0x00007ffce6e1c478:   00 8b 05 a9 dc c1 00 b9 10 00 00 00 41 0f 45 c8
0x00007ffce6e1c488:   ff c8 4c 63 c0 41 8b c1 48 c1 f8 10 0f b6 c0 48
0x00007ffce6e1c498:   63 14 11 41 8b c9 83 e1 3f 48 d3 e2 49 8d 0c 10
0x00007ffce6e1c4a8:   49 f7 d0 48 03 c1 49 c1 e8 03 48 c1 e8 03 49 23
0x00007ffce6e1c4b8:   c0 c3 49 8b 00 49 8b c8 48 ff a0 00 01 00 00 cc
0x00007ffce6e1c4c8:   cc cc cc cc cc cc cc cc 8b 44 24 30 45 03 c9 44
0x00007ffce6e1c4d8:   2b 4c 24 28 83 c0 0b 44 03 ca 45 03 c8 41 03 c1
0x00007ffce6e1c4e8:   c3 cc cc cc cc cc cc cc 4c 8b c2 48 8b d1 45 8b
0x00007ffce6e1c4f8:   48 08 45 85 c9 7e 0e 41 f6 c1 01 75 56 41 c1 f9
0x00007ffce6e1c508:   03 49 63 c1 c3 79 4c 80 3d 04 e1 c1 00 00 b8 0c
0x00007ffce6e1c518:   00 00 00 b9 10 00 00 00 0f 45 c8 8b 05 ff db c1
0x00007ffce6e1c528:   00 ff c8 4c 63 c0 41 8b c1 48 c1 f8 10 48 63 14
0x00007ffce6e1c538:   11 41 8b c9 83 e1 3f 0f b6 c0 48 d3 e2 49 8d 0c
0x00007ffce6e1c548:   10 49 f7 d0 48 03 c1 49 c1 e8 03 48 c1 e8 03 49 


Stack slot to memory mapping:

stack at sp + 0 slots: 0x00007ffce751af58 jvm.dll
stack at sp + 1 slots: 0x00000000ec6bbe08 is an oop: [Ljava.util.concurrent.ConcurrentHashMap$Node; 
{0x00000000ec6bbe08} - klass: 'java/util/concurrent/ConcurrentHashMap$Node'[]
 - length: 256
stack at sp + 2 slots: 0x000002219962b400 points into unknown readable memory: 0x00007ffce789ce68 | 68 ce 89 e7 fc 7f 00 00
stack at sp + 3 slots: 0x00000221afaedc80 points into unknown readable memory: 0x00007ffce789c088 | 88 c0 89 e7 fc 7f 00 00
stack at sp + 4 slots: 0x0000000000000001 is an unknown value
stack at sp + 5 slots: 0x00000000ec6a5148 is an oop: [Ljdk.internal.vm.FillerElement; 
{0x00000000ec6a5148} - klass: {type array int}
 - length: 4
stack at sp + 6 slots: 0x00007ffce751b45d jvm.dll
stack at sp + 7 slots: 0x00007ffce789b228 jvm.dll


---------------  P R O C E S S  ---------------

Threads class SMR info:
_java_thread_list=0x00000221f6256090, length=11, elements={
0x000002219b7cfd30, 0x00000221afaf5af0, 0x00000221afaf73f0, 0x00000221afaf9300,
0x00000221afafe4d0, 0x00000221afaff840, 0x00000221afb05660, 0x00000221afb133a0,
0x00000221afb38610, 0x00000221f19e91e0, 0x00000221f19e9870
}

Java Threads: ( => current thread )
  0x000002219b7cfd30 JavaThread "main"                              [_thread_blocked, id=10236, stack(0x000000dbab900000,0x000000dbaba00000) (1024K)]
  0x00000221afaf5af0 JavaThread "Reference Handler"          daemon [_thread_blocked, id=14140, stack(0x000000dbabd00000,0x000000dbabe00000) (1024K)]
  0x00000221afaf73f0 JavaThread "Finalizer"                  daemon [_thread_blocked, id=13080, stack(0x000000dbabe00000,0x000000dbabf00000) (1024K)]
  0x00000221afaf9300 JavaThread "Signal Dispatcher"          daemon [_thread_blocked, id=9924, stack(0x000000dbabf00000,0x000000dbac000000) (1024K)]
  0x00000221afafe4d0 JavaThread "Attach Listener"            daemon [_thread_blocked, id=9516, stack(0x000000dbac000000,0x000000dbac100000) (1024K)]
  0x00000221afaff840 JavaThread "Service Thread"             daemon [_thread_blocked, id=4856, stack(0x000000dbac100000,0x000000dbac200000) (1024K)]
  0x00000221afb05660 JavaThread "Monitor Deflation Thread"   daemon [_thread_blocked, id=1400, stack(0x000000dbac200000,0x000000dbac300000) (1024K)]
  0x00000221afb133a0 JavaThread "C2 CompilerThread0"         daemon [_thread_blocked, id=6684, stack(0x000000dbac300000,0x000000dbac400000) (1024K)]
  0x00000221afb38610 JavaThread "C1 CompilerThread0"         daemon [_thread_blocked, id=10684, stack(0x000000dbac400000,0x000000dbac500000) (1024K)]
  0x00000221f19e91e0 JavaThread "Common-Cleaner"             daemon [_thread_blocked, id=13616, stack(0x000000dbac500000,0x000000dbac600000) (1024K)]
  0x00000221f19e9870 JavaThread "Notification Thread"        daemon [_thread_blocked, id=5264, stack(0x000000dbac600000,0x000000dbac700000) (1024K)]
Total: 11

Other Threads:
  0x000002219b88bc30 VMThread "VM Thread"                           [id=13712, stack(0x000000dbabc00000,0x000000dbabd00000) (1024K)]
  0x000002219b838e60 WatcherThread "VM Periodic Task Thread"        [id=10972, stack(0x000000dbabb00000,0x000000dbabc00000) (1024K)]
=>0x000002219b7ef290 WorkerThread "GC Thread#0"                     [id=3664, stack(0x000000dbaba00000,0x000000dbabb00000) (1024K)]
  0x00000221f1d08da0 WorkerThread "GC Thread#1"                     [id=14232, stack(0x000000dbac700000,0x000000dbac800000) (1024K)]
Total: 4

Threads with active compile tasks:
Total: 0

VM state: at safepoint (normal execution)

VM Mutex/Monitor currently owned by a thread:  ([mutex/lock_event])
[0x00007ffce7abe380] Threads_lock - owner thread: 0x000002219b88bc30
[0x00007ffce7abe480] Heap_lock - owner thread: 0x000002219b7cfd30

Heap address: 0x00000000c0000000, size: 1024 MB, Compressed Oops mode: 32-bit

CDS archive(s) mapped at: [0x00000221b0000000-0x00000221b0ba0000-0x00000221b0ba0000), size 12189696, SharedBaseAddress: 0x00000221b0000000, ArchiveRelocationMode: 1.
Compressed class space mapped at: 0x00000221b1000000-0x00000221f1000000, reserved size: 1073741824
Narrow klass base: 0x00000221b0000000, Narrow klass shift: 0, Narrow klass range: 0x100000000

GC Precious Log:
 CardTable entry size: 512
 CPUs: 4 total, 4 available
 Memory: 6036M
 Large Page Support: Disabled
 NUMA Support: Disabled
 Compressed Oops: Enabled (32-bit)
 Alignments: Space 512K, Generation 512K, Heap 2M
 Heap Min Capacity: 100M
 Heap Initial Capacity: 100M
 Heap Max Capacity: 1G
 Pre-touch: Disabled
 Parallel Workers: 4

Heap:
 PSYoungGen      total 29696K, used 25600K [0x00000000eab00000, 0x00000000ecc00000, 0x0000000100000000)
  eden space 25600K, 100% used [0x00000000eab00000,0x00000000ec400000,0x00000000ec400000)
  from space 4096K, 0% used [0x00000000ec800000,0x00000000ec800000,0x00000000ecc00000)
  to   space 4096K, 76% used [0x00000000ec400000,0x00000000ec713aa0,0x00000000ec800000)
 ParOldGen       total 68608K, used 16K [0x00000000c0000000, 0x00000000c4300000, 0x00000000eab00000)
  object space 68608K, 0% used [0x00000000c0000000,0x00000000c0004000,0x00000000c4300000)
 Metaspace       used 4519K, committed 4736K, reserved 1114112K
  class space    used 456K, committed 576K, reserved 1048576K

Card table byte_map: [0x000002219b180000,0x000002219b390000] _byte_map_base: 0x000002219ab80000

Marking Bits: (ParMarkBitMap*) 0x00007ffce7ac3260
 Begin Bits: [0x00000221ad9d0000, 0x00000221ae9d0000)
 End Bits:   [0x00000221ae9d0000, 0x00000221af9d0000)

Polling page: 0x0000022199560000

Metaspace:

Usage:
  Non-class:      3.97 MB used.
      Class:    456.07 KB used.
       Both:      4.41 MB used.

Virtual space:
  Non-class space:       64.00 MB reserved,       4.06 MB (  6%) committed,  1 nodes.
      Class space:        1.00 GB reserved,     576.00 KB ( <1%) committed,  1 nodes.
             Both:        1.06 GB reserved,       4.62 MB ( <1%) committed. 

Chunk freelists:
   Non-Class:  11.01 MB
       Class:  15.47 MB
        Both:  26.48 MB

MaxMetaspaceSize: unlimited
CompressedClassSpaceSize: 1.00 GB
Initial GC threshold: 21.00 MB
Current GC threshold: 21.00 MB
CDS: on
 - commit_granule_bytes: 65536.
 - commit_granule_words: 8192.
 - virtual_space_node_default_size: 8388608.
 - enlarge_chunks_in_place: 1.
 - use_allocation_guard: 0.


Internal statistics:

num_allocs_failed_limit: 0.
num_arena_births: 98.
num_arena_deaths: 0.
num_vsnodes_births: 2.
num_vsnodes_deaths: 0.
num_space_committed: 74.
num_space_uncommitted: 0.
num_chunks_returned_to_freelist: 0.
num_chunks_taken_from_freelist: 158.
num_chunk_merges: 0.
num_chunk_splits: 107.
num_chunks_enlarged: 72.
num_inconsistent_stats: 0.

CodeHeap 'non-profiled nmethods': size=120000Kb used=411Kb max_used=411Kb free=119588Kb
 bounds [0x00000221a64a0000, 0x00000221a6710000, 0x00000221ad9d0000]
CodeHeap 'profiled nmethods': size=120000Kb used=1663Kb max_used=1663Kb free=118337Kb
 bounds [0x000002219e9d0000, 0x000002219ec40000, 0x00000221a5f00000]
CodeHeap 'non-nmethods': size=5760Kb used=1196Kb max_used=1217Kb free=4563Kb
 bounds [0x00000221a5f00000, 0x00000221a6170000, 0x00000221a64a0000]
 total_blobs=1462 nmethods=1005 adapters=364
 compilation: enabled
              stopped_count=0, restarted_count=0
 full_count=0

Compilation events (20 events):
Event: 7.933 Thread 0x00000221afb38610  995       3       java.lang.StringConcatHelper::initialCoder (14 bytes)
Event: 7.933 Thread 0x00000221afb38610 nmethod 995 0x000002219eb63590 code [0x000002219eb63720, 0x000002219eb63830]
Event: 7.933 Thread 0x00000221afb38610  996       3       java.lang.String::concat (15 bytes)
Event: 7.935 Thread 0x00000221afb38610 nmethod 996 0x000002219eb63890 code [0x000002219eb63be0, 0x000002219eb64ea8]
Event: 7.936 Thread 0x00000221afb38610  997       3       java.lang.StringConcatHelper::simpleConcat (94 bytes)
Event: 7.938 Thread 0x00000221afb38610 nmethod 997 0x000002219eb65590 code [0x000002219eb658e0, 0x000002219eb66b58]
Event: 7.939 Thread 0x00000221afb38610  998       1       java.lang.NamedPackage::module (5 bytes)
Event: 7.939 Thread 0x00000221afb38610 nmethod 998 0x00000221a6506390 code [0x00000221a6506520, 0x00000221a65065e8]
Event: 7.941 Thread 0x00000221afb38610  999       3       java.lang.Integer::toUnsignedString0 (76 bytes)
Event: 7.942 Thread 0x00000221afb38610 nmethod 999 0x000002219eb67210 code [0x000002219eb67400, 0x000002219eb67830]
Event: 7.943 Thread 0x00000221afb38610 1000   !   3       java.net.URL::<init> (543 bytes)
Event: 7.949 Thread 0x00000221afb38610 nmethod 1000 0x000002219eb67a10 code [0x000002219eb67fc0, 0x000002219eb6af68]
Event: 7.950 Thread 0x00000221afb38610 1001       3       java.net.URLStreamHandler::setURL (156 bytes)
Event: 7.952 Thread 0x00000221afb38610 nmethod 1001 0x000002219eb6cc10 code [0x000002219eb6cf20, 0x000002219eb6df60]
Event: 7.952 Thread 0x00000221afb38610 1002   !   3       java.net.URL::set (114 bytes)
Event: 7.953 Thread 0x00000221afb38610 nmethod 1002 0x000002219eb6e590 code [0x000002219eb6e7c0, 0x000002219eb6efb0]
Event: 7.955 Thread 0x00000221afb38610 1003       1       java.util.concurrent.locks.AbstractQueuedSynchronizer::getState (5 bytes)
Event: 7.955 Thread 0x00000221afb38610 nmethod 1003 0x00000221a6506690 code [0x00000221a6506820, 0x00000221a65068e8]
Event: 7.956 Thread 0x00000221afb38610 1005       3       jdk.internal.org.objectweb.asm.SymbolTable::addTypeInternal (85 bytes)
Event: 7.956 Thread 0x00000221afb38610 nmethod 1005 0x000002219eb6f310 code [0x000002219eb6f4e0, 0x000002219eb6fa40]

GC Heap History (1 events):
Event: 7.969 GC heap before
{Heap before GC invocations=1 (full 0):
 PSYoungGen      total 29696K, used 25600K [0x00000000eab00000, 0x00000000ecc00000, 0x0000000100000000)
  eden space 25600K, 100% used [0x00000000eab00000,0x00000000ec400000,0x00000000ec400000)
  from space 4096K, 0% used [0x00000000ec800000,0x00000000ec800000,0x00000000ecc00000)
  to   space 4096K, 0% used [0x00000000ec400000,0x00000000ec400000,0x00000000ec800000)
 ParOldGen       total 68608K, used 0K [0x00000000c0000000, 0x00000000c4300000, 0x00000000eab00000)
  object space 68608K, 0% used [0x00000000c0000000,0x00000000c0000000,0x00000000c4300000)
 Metaspace       used 4519K, committed 4736K, reserved 1114112K
  class space    used 456K, committed 576K, reserved 1048576K
}

Dll operation events (8 events):
Event: 0.556 Loaded shared library c:\Users\p\.vscode\extensions\redhat.java-1.40.0-win32-x64\jre\21.0.6-win32-x86_64\bin\java.dll
Event: 1.407 Loaded shared library c:\Users\p\.vscode\extensions\redhat.java-1.40.0-win32-x64\jre\21.0.6-win32-x86_64\bin\zip.dll
Event: 1.571 Loaded shared library C:\Users\p\.vscode\extensions\redhat.java-1.40.0-win32-x64\jre\21.0.6-win32-x86_64\bin\instrument.dll
Event: 1.619 Loaded shared library C:\Users\p\.vscode\extensions\redhat.java-1.40.0-win32-x64\jre\21.0.6-win32-x86_64\bin\net.dll
Event: 1.677 Loaded shared library C:\Users\p\.vscode\extensions\redhat.java-1.40.0-win32-x64\jre\21.0.6-win32-x86_64\bin\nio.dll
Event: 1.683 Loaded shared library C:\Users\p\.vscode\extensions\redhat.java-1.40.0-win32-x64\jre\21.0.6-win32-x86_64\bin\zip.dll
Event: 1.897 Loaded shared library C:\Users\p\.vscode\extensions\redhat.java-1.40.0-win32-x64\jre\21.0.6-win32-x86_64\bin\jimage.dll
Event: 2.343 Loaded shared library c:\Users\p\.vscode\extensions\redhat.java-1.40.0-win32-x64\jre\21.0.6-win32-x86_64\bin\verify.dll

Deoptimization events (20 events):
Event: 7.955 Thread 0x000002219b7cfd30 Uncommon trap: trap_request=0xffffffde fr.pc=0x00000221a64e5674 relative=0x0000000000000554
Event: 7.955 Thread 0x000002219b7cfd30 Uncommon trap: reason=class_check action=maybe_recompile pc=0x00000221a64e5674 method=java.util.Collections$UnmodifiableCollection$1.<init>(Ljava/util/Collections$UnmodifiableCollection;)V @ 17 c2
Event: 7.955 Thread 0x000002219b7cfd30 DEOPT PACKING pc=0x00000221a64e5674 sp=0x000000dbab9fe630
Event: 7.955 Thread 0x000002219b7cfd30 DEOPT UNPACKING pc=0x00000221a5f53aa2 sp=0x000000dbab9fe578 mode 2
Event: 7.955 Thread 0x000002219b7cfd30 Uncommon trap: trap_request=0xffffff45 fr.pc=0x00000221a64f84b8 relative=0x0000000000000278
Event: 7.955 Thread 0x000002219b7cfd30 Uncommon trap: reason=unstable_if action=reinterpret pc=0x00000221a64f84b8 method=java.util.HashMap.hash(Ljava/lang/Object;)I @ 1 c2
Event: 7.955 Thread 0x000002219b7cfd30 DEOPT PACKING pc=0x00000221a64f84b8 sp=0x000000dbab9fe5d0
Event: 7.955 Thread 0x000002219b7cfd30 DEOPT UNPACKING pc=0x00000221a5f53aa2 sp=0x000000dbab9fe468 mode 2
Event: 7.958 Thread 0x000002219b7cfd30 Uncommon trap: trap_request=0xffffff45 fr.pc=0x00000221a64f7abc relative=0x000000000000027c
Event: 7.958 Thread 0x000002219b7cfd30 Uncommon trap: reason=unstable_if action=reinterpret pc=0x00000221a64f7abc method=java.util.HashMap.hash(Ljava/lang/Object;)I @ 1 c2
Event: 7.958 Thread 0x000002219b7cfd30 DEOPT PACKING pc=0x00000221a64f7abc sp=0x000000dbab9fe570
Event: 7.958 Thread 0x000002219b7cfd30 DEOPT UNPACKING pc=0x00000221a5f53aa2 sp=0x000000dbab9fe478 mode 2
Event: 7.958 Thread 0x000002219b7cfd30 Uncommon trap: trap_request=0xffffff45 fr.pc=0x00000221a64f3c50 relative=0x00000000000000b0
Event: 7.958 Thread 0x000002219b7cfd30 Uncommon trap: reason=unstable_if action=reinterpret pc=0x00000221a64f3c50 method=java.util.HashMap.hash(Ljava/lang/Object;)I @ 1 c2
Event: 7.958 Thread 0x000002219b7cfd30 DEOPT PACKING pc=0x00000221a64f3c50 sp=0x000000dbab9fe5f0
Event: 7.958 Thread 0x000002219b7cfd30 DEOPT UNPACKING pc=0x00000221a5f53aa2 sp=0x000000dbab9fe588 mode 2
Event: 7.958 Thread 0x000002219b7cfd30 Uncommon trap: trap_request=0xffffffde fr.pc=0x00000221a64e5674 relative=0x0000000000000554
Event: 7.958 Thread 0x000002219b7cfd30 Uncommon trap: reason=class_check action=maybe_recompile pc=0x00000221a64e5674 method=java.util.Collections$UnmodifiableCollection$1.<init>(Ljava/util/Collections$UnmodifiableCollection;)V @ 17 c2
Event: 7.958 Thread 0x000002219b7cfd30 DEOPT PACKING pc=0x00000221a64e5674 sp=0x000000dbab9fe630
Event: 7.958 Thread 0x000002219b7cfd30 DEOPT UNPACKING pc=0x00000221a5f53aa2 sp=0x000000dbab9fe578 mode 2

Classes loaded (20 events):
Event: 7.809 Loading class java/lang/invoke/VarHandleInts$FieldInstanceReadOnly done
Event: 7.809 Loading class java/lang/invoke/VarHandleInts$FieldInstanceReadWrite done
Event: 7.840 Loading class java/nio/file/FileVisitor
Event: 7.853 Loading class java/nio/file/FileVisitor done
Event: 7.882 Loading class java/io/StringWriter
Event: 7.883 Loading class java/io/StringWriter done
Event: 7.907 Loading class java/util/concurrent/locks/ReentrantReadWriteLock
Event: 7.907 Loading class java/util/concurrent/locks/ReadWriteLock
Event: 7.907 Loading class java/util/concurrent/locks/ReadWriteLock done
Event: 7.907 Loading class java/util/concurrent/locks/ReentrantReadWriteLock done
Event: 7.907 Loading class java/util/concurrent/locks/ReentrantReadWriteLock$NonfairSync
Event: 7.907 Loading class java/util/concurrent/locks/ReentrantReadWriteLock$Sync
Event: 7.908 Loading class java/util/concurrent/locks/ReentrantReadWriteLock$Sync done
Event: 7.908 Loading class java/util/concurrent/locks/ReentrantReadWriteLock$NonfairSync done
Event: 7.908 Loading class java/util/concurrent/locks/ReentrantReadWriteLock$Sync$ThreadLocalHoldCounter
Event: 7.908 Loading class java/util/concurrent/locks/ReentrantReadWriteLock$Sync$ThreadLocalHoldCounter done
Event: 7.908 Loading class java/util/concurrent/locks/ReentrantReadWriteLock$ReadLock
Event: 7.908 Loading class java/util/concurrent/locks/ReentrantReadWriteLock$ReadLock done
Event: 7.908 Loading class java/util/concurrent/locks/ReentrantReadWriteLock$WriteLock
Event: 7.908 Loading class java/util/concurrent/locks/ReentrantReadWriteLock$WriteLock done

Classes unloaded (0 events):
No events

Classes redefined (0 events):
No events

Internal exceptions (20 events):
Event: 4.434 Thread 0x000002219b7cfd30 Exception <a 'java/lang/NoSuchMethodError'{0x00000000eb5d5490}: 'void java.lang.invoke.DirectMethodHandle$Holder.invokeVirtual(java.lang.Object, java.lang.Object)'> (0x00000000eb5d5490) 
thrown [s\src\hotspot\share\interpreter\linkResolver.cpp, line 773]
Event: 5.957 Thread 0x000002219b7cfd30 Exception <a 'java/lang/ClassNotFoundException'{0x00000000eb9c1558}: sun/net/www/protocol/c/Handler> (0x00000000eb9c1558) 
thrown [s\src\hotspot\share\classfile\systemDictionary.cpp, line 312]
Event: 6.046 Thread 0x000002219b7cfd30 Exception <a 'java/io/FileNotFoundException'{0x00000000eb9d6318}> (0x00000000eb9d6318) 
thrown [s\src\hotspot\share\prims\jni.cpp, line 520]
Event: 6.046 Thread 0x000002219b7cfd30 Exception <a 'java/io/FileNotFoundException'{0x00000000eb9d7008}> (0x00000000eb9d7008) 
thrown [s\src\hotspot\share\prims\jni.cpp, line 520]
Event: 6.046 Thread 0x000002219b7cfd30 Exception <a 'java/io/FileNotFoundException'{0x00000000eb9d7cd8}> (0x00000000eb9d7cd8) 
thrown [s\src\hotspot\share\prims\jni.cpp, line 520]
Event: 6.047 Thread 0x000002219b7cfd30 Exception <a 'java/io/FileNotFoundException'{0x00000000eb9d8808}> (0x00000000eb9d8808) 
thrown [s\src\hotspot\share\prims\jni.cpp, line 520]
Event: 6.066 Thread 0x000002219b7cfd30 Implicit null exception at 0x00000221a64ccc24 to 0x00000221a64cd194
Event: 6.077 Thread 0x000002219b7cfd30 Exception <a 'java/io/FileNotFoundException'{0x00000000eba10db8}> (0x00000000eba10db8) 
thrown [s\src\hotspot\share\prims\jni.cpp, line 520]
Event: 6.294 Thread 0x000002219b7cfd30 Exception <a 'sun/nio/fs/WindowsException'{0x00000000eba48aa8}> (0x00000000eba48aa8) 
thrown [s\src\hotspot\share\prims\jni.cpp, line 520]
Event: 6.316 Thread 0x000002219b7cfd30 Exception <a 'sun/nio/fs/WindowsException'{0x00000000eba4de40}> (0x00000000eba4de40) 
thrown [s\src\hotspot\share\prims\jni.cpp, line 520]
Event: 7.462 Thread 0x000002219b7cfd30 Exception <a 'java/lang/NoSuchMethodError'{0x00000000ebe9b188}: 'java.lang.ClassLoader java.lang.ClassLoader.getPlatformClassLoader(java.lang.Class)'> (0x00000000ebe9b188) 
thrown [s\src\hotspot\share\interpreter\linkResolver.cpp, line 773]
Event: 7.815 Thread 0x000002219b7cfd30 Exception <a 'java/lang/ClassNotFoundException'{0x00000000ec2a0478}: sun/net/www/protocol/c/Handler> (0x00000000ec2a0478) 
thrown [s\src\hotspot\share\classfile\systemDictionary.cpp, line 312]
Event: 7.816 Thread 0x000002219b7cfd30 Exception <a 'java/lang/ClassNotFoundException'{0x00000000ec2a17e0}: sun/net/www/protocol/c/Handler> (0x00000000ec2a17e0) 
thrown [s\src\hotspot\share\classfile\systemDictionary.cpp, line 312]
Event: 7.816 Thread 0x000002219b7cfd30 Exception <a 'java/lang/ClassNotFoundException'{0x00000000ec2a29f0}: sun/net/www/protocol/c/Handler> (0x00000000ec2a29f0) 
thrown [s\src\hotspot\share\classfile\systemDictionary.cpp, line 312]
Event: 7.862 Thread 0x000002219b7cfd30 Exception <a 'java/io/FileNotFoundException'{0x00000000ec2c61c0}> (0x00000000ec2c61c0) 
thrown [s\src\hotspot\share\prims\jni.cpp, line 520]
Event: 7.955 Thread 0x000002219b7cfd30 Implicit null exception at 0x00000221a64efca9 to 0x00000221a64f051c
Event: 7.955 Thread 0x000002219b7cfd30 Implicit null exception at 0x00000221a64f829a to 0x00000221a64f84a0
Event: 7.956 Thread 0x000002219b7cfd30 Exception <a 'java/lang/NoSuchMethodError'{0x00000000ec3f4e40}: 'void java.lang.invoke.DirectMethodHandle$Holder.invokeStatic(java.lang.Object, java.lang.Object, java.lang.Object, java.lang.Object)'> (0x00000000ec3f4e40) 
thrown [s\src\hotspot\share\interpreter\linkResolver.cpp, line 773]
Event: 7.958 Thread 0x000002219b7cfd30 Implicit null exception at 0x00000221a64f789a to 0x00000221a64f7aa4
Event: 7.958 Thread 0x000002219b7cfd30 Implicit null exception at 0x00000221a64f3bbd to 0x00000221a64f3c41

ZGC Phase Switch (0 events):
No events

VM Operations (19 events):
Event: 1.301 Executing VM operation: HandshakeAllThreads (Deoptimize)
Event: 1.302 Executing VM operation: HandshakeAllThreads (Deoptimize) done
Event: 2.039 Executing VM operation: HandshakeAllThreads (Deoptimize)
Event: 2.040 Executing VM operation: HandshakeAllThreads (Deoptimize) done
Event: 3.037 Executing VM operation: Cleanup
Event: 3.047 Executing VM operation: Cleanup done
Event: 4.058 Executing VM operation: Cleanup
Event: 4.076 Executing VM operation: Cleanup done
Event: 5.081 Executing VM operation: Cleanup
Event: 5.128 Executing VM operation: Cleanup done
Event: 5.590 Executing VM operation: HandshakeAllThreads (Deoptimize)
Event: 5.590 Executing VM operation: HandshakeAllThreads (Deoptimize) done
Event: 5.809 Executing VM operation: HandshakeAllThreads (Deoptimize)
Event: 5.809 Executing VM operation: HandshakeAllThreads (Deoptimize) done
Event: 6.812 Executing VM operation: Cleanup
Event: 6.812 Executing VM operation: Cleanup done
Event: 7.713 Executing VM operation: HandshakeAllThreads (Deoptimize)
Event: 7.713 Executing VM operation: HandshakeAllThreads (Deoptimize) done
Event: 7.959 Executing VM operation: ParallelGCFailedAllocation (Allocation Failure)

Memory protections (0 events):
No events

Nmethod flushes (0 events):
No events

Events (19 events):
Event: 1.177 Thread 0x000002219b7cfd30 Thread added: 0x000002219b7cfd30
Event: 1.213 Thread 0x000002219b7cfd30 Thread added: 0x00000221afaf5af0
Event: 1.213 Thread 0x000002219b7cfd30 Thread added: 0x00000221afaf73f0
Event: 1.213 Thread 0x000002219b7cfd30 Thread added: 0x00000221afaf9300
Event: 1.213 Thread 0x000002219b7cfd30 Thread added: 0x00000221afafe4d0
Event: 1.214 Thread 0x000002219b7cfd30 Thread added: 0x00000221afaff840
Event: 1.214 Thread 0x000002219b7cfd30 Thread added: 0x00000221afb05660
Event: 1.214 Thread 0x000002219b7cfd30 Thread added: 0x00000221afb133a0
Event: 1.214 Thread 0x000002219b7cfd30 Thread added: 0x00000221afb38610
Event: 1.272 Thread 0x000002219b7cfd30 Thread added: 0x00000221f19e91e0
Event: 2.950 Thread 0x000002219b7cfd30 Thread added: 0x00000221f19e9870
Event: 4.720 Thread 0x00000221afb38610 Thread added: 0x00000221f1c3fca0
Event: 5.293 Thread 0x00000221f1c3fca0 Thread exited: 0x00000221f1c3fca0
Event: 5.783 Thread 0x00000221afb133a0 Thread added: 0x00000221f61ca6f0
Event: 6.043 Thread 0x00000221f61ca6f0 Thread exited: 0x00000221f61ca6f0
Event: 7.218 Thread 0x00000221afb133a0 Thread added: 0x00000221f6258b60
Event: 7.417 Thread 0x00000221f6258b60 Thread exited: 0x00000221f6258b60
Event: 7.678 Thread 0x00000221afb38610 Thread added: 0x00000221f1d52230
Event: 7.819 Thread 0x00000221f1d52230 Thread exited: 0x00000221f1d52230


Dynamic libraries:
0x00007ff733e20000 - 0x00007ff733e2e000 	c:\Users\p\.vscode\extensions\redhat.java-1.40.0-win32-x64\jre\21.0.6-win32-x86_64\bin\java.exe
0x00007ffd42c90000 - 0x00007ffd42e88000 	C:\Windows\SYSTEM32\ntdll.dll
0x00007ffd42a20000 - 0x00007ffd42ae2000 	C:\Windows\System32\KERNEL32.DLL
0x00007ffd40680000 - 0x00007ffd4097f000 	C:\Windows\System32\KERNELBASE.dll
0x00007ffd403c0000 - 0x00007ffd404c0000 	C:\Windows\System32\ucrtbase.dll
0x00007ffd305b0000 - 0x00007ffd305c8000 	c:\Users\p\.vscode\extensions\redhat.java-1.40.0-win32-x64\jre\21.0.6-win32-x86_64\bin\jli.dll
0x00007ffd42880000 - 0x00007ffd42a1d000 	C:\Windows\System32\USER32.dll
0x00007ffd3f7a0000 - 0x00007ffd3fa3a000 	C:\Windows\WinSxS\amd64_microsoft.windows.common-controls_6595b64144ccf1df_6.0.19041.4355_none_60b8b9eb71f62e16\COMCTL32.dll
0x00007ffd40c80000 - 0x00007ffd40ca2000 	C:\Windows\System32\win32u.dll
0x00007ffd40f30000 - 0x00007ffd40f5b000 	C:\Windows\System32\GDI32.dll
0x00007ffd40d40000 - 0x00007ffd40dde000 	C:\Windows\System32\msvcrt.dll
0x00007ffd404c0000 - 0x00007ffd405da000 	C:\Windows\System32\gdi32full.dll
0x00007ffd405e0000 - 0x00007ffd4067d000 	C:\Windows\System32\msvcp_win.dll
0x00007ffd28690000 - 0x00007ffd286ae000 	c:\Users\p\.vscode\extensions\redhat.java-1.40.0-win32-x64\jre\21.0.6-win32-x86_64\bin\VCRUNTIME140.dll
0x00007ffd40ea0000 - 0x00007ffd40ecf000 	C:\Windows\System32\IMM32.DLL
0x00007ffd33060000 - 0x00007ffd3306c000 	c:\Users\p\.vscode\extensions\redhat.java-1.40.0-win32-x64\jre\21.0.6-win32-x86_64\bin\vcruntime140_1.dll
0x00007ffd1fdd0000 - 0x00007ffd1fe5d000 	c:\Users\p\.vscode\extensions\redhat.java-1.40.0-win32-x64\jre\21.0.6-win32-x86_64\bin\msvcp140.dll
0x00007ffce6e10000 - 0x00007ffce7ba0000 	c:\Users\p\.vscode\extensions\redhat.java-1.40.0-win32-x64\jre\21.0.6-win32-x86_64\bin\server\jvm.dll
0x00007ffd41130000 - 0x00007ffd411df000 	C:\Windows\System32\ADVAPI32.dll
0x00007ffd41090000 - 0x00007ffd4112f000 	C:\Windows\System32\sechost.dll
0x00007ffd411e0000 - 0x00007ffd41303000 	C:\Windows\System32\RPCRT4.dll
0x00007ffd40c50000 - 0x00007ffd40c77000 	C:\Windows\System32\bcrypt.dll
0x00007ffd417a0000 - 0x00007ffd4180b000 	C:\Windows\System32\WS2_32.dll
0x00007ffd40190000 - 0x00007ffd401db000 	C:\Windows\SYSTEM32\POWRPROF.dll
0x00007ffd38fd0000 - 0x00007ffd38ff7000 	C:\Windows\SYSTEM32\WINMM.dll
0x00007ffd2f4d0000 - 0x00007ffd2f4da000 	C:\Windows\SYSTEM32\VERSION.dll
0x00007ffd40170000 - 0x00007ffd40182000 	C:\Windows\SYSTEM32\UMPDC.dll
0x00007ffd3d420000 - 0x00007ffd3d432000 	C:\Windows\SYSTEM32\kernel.appcore.dll
0x00007ffd32760000 - 0x00007ffd3276a000 	c:\Users\p\.vscode\extensions\redhat.java-1.40.0-win32-x64\jre\21.0.6-win32-x86_64\bin\jimage.dll
0x00007ffd3fc30000 - 0x00007ffd3fe14000 	C:\Windows\SYSTEM32\DBGHELP.DLL
0x00007ffd3fbf0000 - 0x00007ffd3fc24000 	C:\Windows\SYSTEM32\dbgcore.DLL
0x00007ffd40330000 - 0x00007ffd403b2000 	C:\Windows\System32\bcryptPrimitives.dll
0x00007ffd32610000 - 0x00007ffd3261f000 	c:\Users\p\.vscode\extensions\redhat.java-1.40.0-win32-x64\jre\21.0.6-win32-x86_64\bin\instrument.dll
0x00007ffd28570000 - 0x00007ffd2858f000 	c:\Users\p\.vscode\extensions\redhat.java-1.40.0-win32-x64\jre\21.0.6-win32-x86_64\bin\java.dll
0x00007ffd41e50000 - 0x00007ffd425bd000 	C:\Windows\System32\SHELL32.dll
0x00007ffd3dcf0000 - 0x00007ffd3e494000 	C:\Windows\SYSTEM32\windows.storage.dll
0x00007ffd41310000 - 0x00007ffd41665000 	C:\Windows\System32\combase.dll
0x00007ffd3f510000 - 0x00007ffd3f53f000 	C:\Windows\SYSTEM32\Wldp.dll
0x00007ffd416d0000 - 0x00007ffd4179d000 	C:\Windows\System32\OLEAUT32.dll
0x00007ffd427d0000 - 0x00007ffd4287d000 	C:\Windows\System32\SHCORE.dll
0x00007ffd42bd0000 - 0x00007ffd42c25000 	C:\Windows\System32\shlwapi.dll
0x00007ffd40260000 - 0x00007ffd40284000 	C:\Windows\SYSTEM32\profapi.dll
0x00007ffd22920000 - 0x00007ffd22938000 	c:\Users\p\.vscode\extensions\redhat.java-1.40.0-win32-x64\jre\21.0.6-win32-x86_64\bin\zip.dll
0x00007ffd322f0000 - 0x00007ffd32300000 	C:\Users\p\.vscode\extensions\redhat.java-1.40.0-win32-x64\jre\21.0.6-win32-x86_64\bin\net.dll
0x00007ffd34450000 - 0x00007ffd3455a000 	C:\Windows\SYSTEM32\WINHTTP.dll
0x00007ffd3f2f0000 - 0x00007ffd3f35c000 	C:\Windows\system32\mswsock.dll
0x00007ffd228b0000 - 0x00007ffd228c6000 	C:\Users\p\.vscode\extensions\redhat.java-1.40.0-win32-x64\jre\21.0.6-win32-x86_64\bin\nio.dll
0x00007ffd31ba0000 - 0x00007ffd31bb0000 	c:\Users\p\.vscode\extensions\redhat.java-1.40.0-win32-x64\jre\21.0.6-win32-x86_64\bin\verify.dll

dbghelp: loaded successfully - version: 4.0.5 - missing functions: none
symbol engine: initialized successfully - sym options: 0x614 - pdb path: .;c:\Users\p\.vscode\extensions\redhat.java-1.40.0-win32-x64\jre\21.0.6-win32-x86_64\bin;C:\Windows\SYSTEM32;C:\Windows\WinSxS\amd64_microsoft.windows.common-controls_6595b64144ccf1df_6.0.19041.4355_none_60b8b9eb71f62e16;c:\Users\p\.vscode\extensions\redhat.java-1.40.0-win32-x64\jre\21.0.6-win32-x86_64\bin\server

VM Arguments:
jvm_args: --add-modules=ALL-SYSTEM --add-opens=java.base/java.util=ALL-UNNAMED --add-opens=java.base/java.lang=ALL-UNNAMED --add-opens=java.base/sun.nio.fs=ALL-UNNAMED -Declipse.application=org.eclipse.jdt.ls.core.id1 -Dosgi.bundles.defaultStartLevel=4 -Declipse.product=org.eclipse.jdt.ls.core.product -Djava.import.generatesMetadataFilesAtProjectRoot=false -DDetectVMInstallationsJob.disabled=true -Dfile.encoding=utf8 -XX:+UseParallelGC -XX:GCTimeRatio=4 -XX:AdaptiveSizePolicyWeight=90 -Dsun.zip.disableMemoryMapping=true -Xmx1G -Xms100m -Xlog:disable -javaagent:c:\Users\p\.vscode\extensions\redhat.java-1.40.0-win32-x64\lombok\lombok-1.18.36.jar 
java_command: c:\Users\p\.vscode\extensions\redhat.java-1.40.0-win32-x64\server\plugins\org.eclipse.equinox.launcher_1.6.1000.v20250131-0606.jar -configuration c:\Users\p\AppData\Roaming\Code\User\globalStorage\redhat.java\1.40.0\config_ss_win -data c:\Users\p\AppData\Roaming\Code\User\workspaceStorage\03fdb892b8170fa2d628932129c685f5\redhat.java\ss_ws --pipe=\\.\pipe\lsp-655fa56241304e206e9dd6b0d94b56b6-sock
java_class_path (initial): c:\Users\p\.vscode\extensions\redhat.java-1.40.0-win32-x64\server\plugins\org.eclipse.equinox.launcher_1.6.1000.v20250131-0606.jar
Launcher Type: SUN_STANDARD

[Global flags]
    uintx AdaptiveSizePolicyWeight                 = 90                                        {product} {command line}
     intx CICompilerCount                          = 3                                         {product} {ergonomic}
    uintx GCTimeRatio                              = 4                                         {product} {command line}
   size_t InitialHeapSize                          = 104857600                                 {product} {command line}
   size_t MaxHeapSize                              = 1073741824                                {product} {command line}
   size_t MaxNewSize                               = 357564416                                 {product} {ergonomic}
   size_t MinHeapDeltaBytes                        = 524288                                    {product} {ergonomic}
   size_t MinHeapSize                              = 104857600                                 {product} {command line}
   size_t NewSize                                  = 34603008                                  {product} {ergonomic}
    uintx NonNMethodCodeHeapSize                   = 5832780                                {pd product} {ergonomic}
    uintx NonProfiledCodeHeapSize                  = 122912730                              {pd product} {ergonomic}
   size_t OldSize                                  = 70254592                                  {product} {ergonomic}
    uintx ProfiledCodeHeapSize                     = 122912730                              {pd product} {ergonomic}
    uintx ReservedCodeCacheSize                    = 251658240                              {pd product} {ergonomic}
     bool SegmentedCodeCache                       = true                                      {product} {ergonomic}
   size_t SoftMaxHeapSize                          = 1073741824                             {manageable} {ergonomic}
     bool UseCompressedOops                        = true                           {product lp64_product} {ergonomic}
     bool UseLargePagesIndividualAllocation        = false                                  {pd product} {ergonomic}
     bool UseParallelGC                            = true                                      {product} {command line}

Logging:
Log output configuration:
 #0: stdout all=off uptime,level,tags foldmultilines=false
 #1: stderr all=off uptime,level,tags foldmultilines=false

Environment Variables:
JAVA_HOME=C:\Program Files\Java\jdk-21
PATH=C:\Users\p\AppData\Local\Programs\Python\Python312\Scripts\;C:\Users\p\AppData\Local\Programs\Python\Python312\;C:\Program Files\Common Files\Oracle\Java\javapath;C:\Program Files (x86)\Intel\iCLS Client\;C:\Program Files\Intel\iCLS Client\;C:\Windows\system32;C:\Windows;C:\Windows\System32\Wbem;C:\Windows\System32\WindowsPowerShell\v1.0\;C:\Windows\System32\OpenSSH\;C:\Program Files (x86)\Intel\Intel(R) Management Engine Components\DAL;C:\Program Files\Intel\Intel(R) Management Engine Components\DAL;C:\Program Files (x86)\Intel\Intel(R) Management Engine Components\IPT;C:\Program Files\Intel\Intel(R) Management Engine Components\IPT;C:\Program Files\Java\jdk-21\bin;C:\Program Files\Docker\Docker\resources\bin;C:\ProgramData\chocolatey\bin;C:\Program Files\nodejs\;C:\Program Files\Git\cmd;C:\Program Files\Git\mingw64\bin;C:\Program Files\Git\usr\bin;C:\Users\p\.console-ninja\.bin;C:\Program Files\MySQL\MySQL Shell 8.0\bin\;C:\Users\p\AppData\Local\Programs\Python\Launcher\;C:\Users\p\AppData\Local\Microsoft\WindowsApps;;C:\Users\p\AppData\Local\Programs\Microsoft VS Code\bin;C:\Users\p\AppData\Roaming\npm
USERNAME=p
OS=Windows_NT
PROCESSOR_IDENTIFIER=Intel64 Family 6 Model 58 Stepping 9, GenuineIntel
TMP=C:\Users\p\AppData\Local\Temp
TEMP=C:\Users\p\AppData\Local\Temp




Periodic native trim disabled

---------------  S Y S T E M  ---------------

OS:
 Windows 10 , 64 bit Build 19041 (10.0.19041.5438)
OS uptime: 2 days 1:04 hours
Hyper-V role detected

CPU: total 4 (initial active 4) (2 cores per cpu, 2 threads per core) family 6 model 58 stepping 9 microcode 0x21, cx8, cmov, fxsr, ht, mmx, sse, sse2, sse3, ssse3, sse4.1, sse4.2, popcnt, tsc, tscinvbit, avx, erms, clmul, vzeroupper, clflush, hv, rdtscp, f16c
Processor Information for the first 4 processors :
  Max Mhz: 2400, Current Mhz: 2400, Mhz Limit: 2400

Memory: 4k page, system-wide physical 6036M (1405M free)
TotalPageFile size 8386M (AvailPageFile size 1726M)
current process WorkingSet (physical memory assigned to process): 70M, peak: 76M
current process commit charge ("private bytes"): 183M, peak: 188M

vm_info: OpenJDK 64-Bit Server VM (21.0.6+7-LTS) for windows-amd64 JRE (21.0.6+7-LTS), built on 2025-01-21T00:00:00Z by "admin" with MS VC++ 17.7 (VS2022)

END.
